app/build/outputs/logs/manifest-merger-debug-report.txt
-- Merging decision tree log ---
manifest
ADDED from src/main/AndroidManifest.xml:2:1-70:12
	package
		ADDED from src/main/AndroidManifest.xml:3:5-37
		INJECTED from src/main/AndroidManifest.xml
		INJECTED from src/main/AndroidManifest.xml
	android:versionName
		ADDED from src/main/AndroidManifest.xml:5:5-33
	android:versionCode
		ADDED from src/main/AndroidManifest.xml:4:5-29
		INJECTED from src/main/AndroidManifest.xml
		INJECTED from src/main/AndroidManifest.xml
	xmlns:android
		ADDED from src/main/AndroidManifest.xml:2:11-69
uses-sdk
ADDED from src/main/AndroidManifest.xml:7:5-9:41
	android:targetSdkVersion
		ADDED from src/main/AndroidManifest.xml:9:9-38
		INJECTED from src/main/AndroidManifest.xml
		INJECTED from src/main/AndroidManifest.xml
	android:minSdkVersion
		ADDED from src/main/AndroidManifest.xml:8:9-35
		INJECTED from src/main/AndroidManifest.xml
		INJECTED from src/main/AndroidManifest.xml
uses-permission#android.permission.ACCESS_NETWORK_STATE
ADDED from src/main/AndroidManifest.xml:10:5-95
	android:name
		ADDED from src/main/AndroidManifest.xml:10:22-76
uses-permission#android.permission.ACCESS_WIFI_STATE
ADDED from src/main/AndroidManifest.xml:11:2-73
	android:name
		ADDED from src/main/AndroidManifest.xml:11:19-70
uses-permission#android.permission.READ_PHONE_STATE
ADDED from src/main/AndroidManifest.xml:12:2-88
	android:name
		ADDED from src/main/AndroidManifest.xml:12:19-69
uses-permission#android.permission.INTERNET
ADDED from src/main/AndroidManifest.xml:13:5-67
	android:name
		ADDED from src/main/AndroidManifest.xml:13:22-64
uses-permission#android.permission.BLUETOOTH
ADDED from src/main/AndroidManifest.xml:14:5-68
	android:name
		ADDED from src/main/AndroidManifest.xml:14:22-65
uses-permission#android.permission.BLUETOOTH_ADMIN
ADDED from src/main/AndroidManifest.xml:15:5-74
	android:name
		ADDED from src/main/AndroidManifest.xml:15:22-71
uses-feature#android.hardware.bluetooth_le
ADDED from src/main/AndroidManifest.xml:16:2-87
	android:required
		ADDED from src/main/AndroidManifest.xml:16:61-85
	android:name
		ADDED from src/main/AndroidManifest.xml:16:16-60
application
ADDED from src/main/AndroidManifest.xml:17:5-68:19
	android:label
		ADDED from src/main/AndroidManifest.xml:20:9-41
	android:allowBackup
		ADDED from src/main/AndroidManifest.xml:18:9-35
	android:icon
		ADDED from src/main/AndroidManifest.xml:19:9-38
	android:theme
		ADDED from src/main/AndroidManifest.xml:21:9-40
activity#cc.makeblock.makeblock.MainActivity
ADDED from src/main/AndroidManifest.xml:22:9-32:20
	android:screenOrientation
		ADDED from src/main/AndroidManifest.xml:24:13-56
	android:label
		ADDED from src/main/AndroidManifest.xml:26:13-45
	android:configChanges
		ADDED from src/main/AndroidManifest.xml:25:13-74
	android:name
		ADDED from src/main/AndroidManifest.xml:23:13-63
intent-filter#android.intent.action.MAIN+android.intent.category.LAUNCHER
ADDED from src/main/AndroidManifest.xml:27:13-31:29
action#android.intent.action.MAIN
ADDED from src/main/AndroidManifest.xml:28:17-69
	android:name
		ADDED from src/main/AndroidManifest.xml:28:25-66
category#android.intent.category.LAUNCHER
ADDED from src/main/AndroidManifest.xml:30:17-77
	android:name
		ADDED from src/main/AndroidManifest.xml:30:27-74
activity#cc.makeblock.makeblock.LayoutView
ADDED from src/main/AndroidManifest.xml:33:9-38:25
	android:screenOrientation
		ADDED from src/main/AndroidManifest.xml:35:13-56
	android:label
		ADDED from src/main/AndroidManifest.xml:37:13-45
	android:configChanges
		ADDED from src/main/AndroidManifest.xml:36:13-74
	android:name
		ADDED from src/main/AndroidManifest.xml:34:13-61
activity#cc.makeblock.makeblock.WebviewActivity
ADDED from src/main/AndroidManifest.xml:40:9-44:25
	android:screenOrientation
		ADDED from src/main/AndroidManifest.xml:42:13-56
	android:label
		ADDED from src/main/AndroidManifest.xml:43:13-45
	android:name
		ADDED from src/main/AndroidManifest.xml:41:13-66
activity#cc.makeblock.makeblock.DialogActivity
ADDED from src/main/AndroidManifest.xml:45:9-50:25
	android:screenOrientation
		ADDED from src/main/AndroidManifest.xml:47:13-56
	android:label
		ADDED from src/main/AndroidManifest.xml:49:13-45
	android:theme
		ADDED from src/main/AndroidManifest.xml:48:13-61
	android:name
		ADDED from src/main/AndroidManifest.xml:46:13-65
service#cc.makeblock.makeblock.Bluetooth
ADDED from src/main/AndroidManifest.xml:51:9-57:19
	android:enabled
		ADDED from src/main/AndroidManifest.xml:53:13-35
	android:name
		ADDED from src/main/AndroidManifest.xml:52:13-60
intent-filter#cc.makeblock.makeblock
ADDED from src/main/AndroidManifest.xml:54:13-56:29
action#cc.makeblock.makeblock
ADDED from src/main/AndroidManifest.xml:55:17-65
	android:name
		ADDED from src/main/AndroidManifest.xml:55:25-62
service#cc.makeblock.makeblock.BluetoothLE
ADDED from src/main/AndroidManifest.xml:58:9-64:19
	android:enabled
		ADDED from src/main/AndroidManifest.xml:60:13-35
	android:name
		ADDED from src/main/AndroidManifest.xml:59:13-62
service#cc.makeblock.makeblock.GattAppService
ADDED from src/main/AndroidManifest.xml:65:9-72
	android:enabled
		ADDED from src/main/AndroidManifest.xml:65:48-70
	android:name
		ADDED from src/main/AndroidManifest.xml:65:18-47
meta-data#UMENG_APPKEY
ADDED from src/main/AndroidManifest.xml:66:5-97
	android:value
		ADDED from src/main/AndroidManifest.xml:66:16-56
	android:name
		ADDED from src/main/AndroidManifest.xml:66:57-84
meta-data#UMENG_CHANNEL
ADDED from src/main/AndroidManifest.xml:67:2-70
	android:value
		ADDED from src/main/AndroidManifest.xml:67:13-39
	android:name
		ADDED from src/main/AndroidManifest.xml:67:40-68